<?xml version="1.0" encoding="UTF-8"?>
<testsuite name="de.tuda.dmdb.access.TestHeapTable" tests="1" skipped="0" failures="0" errors="0" timestamp="2018-11-15T20:32:55" hostname="DESKTOP-CRT9OR1" time="0.007">
  <properties/>
  <testcase name="testTable1" classname="de.tuda.dmdb.access.TestHeapTable" time="0.007"/>
  <system-out><![CDATA[]]></system-out>
  <system-err><![CDATA[]]></system-err>
</testsuite>
