<?xml version="1.0" encoding="UTF-8"?>
<testsuite name="de.tuda.dmdb.storage.TestPage" tests="1" skipped="0" failures="0" errors="0" timestamp="2018-11-15T20:32:55" hostname="DESKTOP-CRT9OR1" time="0.001">
  <properties/>
  <testcase name="testInsert1Record" classname="de.tuda.dmdb.storage.TestPage" time="0.001"/>
  <system-out><![CDATA[]]></system-out>
  <system-err><![CDATA[]]></system-err>
</testsuite>
