<?xml version="1.0" encoding="UTF-8"?>
<testsuite name="de.tuda.dmdb.storage.TestRecord" tests="1" skipped="0" failures="0" errors="0" timestamp="2018-11-15T20:32:55" hostname="DESKTOP-CRT9OR1" time="0.0">
  <properties/>
  <testcase name="testCreate1" classname="de.tuda.dmdb.storage.TestRecord" time="0.0"/>
  <system-out><![CDATA[]]></system-out>
  <system-err><![CDATA[]]></system-err>
</testsuite>
